<?xml version="1.0" encoding="UTF-8"?>
<!-- Generated by org.testng.reporters.JUnitReportReporter -->
<testsuite hostname="DESKTOP-BEUJM6U" failures="0" tests="3" name="Test.RegexTest" time="10.236" errors="0" timestamp="2025-11-11T20:51:54 IST" skipped="0">
  <testcase classname="Test.RegexTest" name="Verifycredentials" time="4.731"/>
  <testcase classname="Test.RegexTest" name="Verifycredentials" time="2.769"/>
  <testcase classname="Test.RegexTest" name="Verifycredentials" time="2.736"/>
</testsuite> <!-- Test.RegexTest -->
