<?xml version="1.0" encoding="UTF-8"?>
<testng-results ignored="0" total="1" passed="1" failed="0" skipped="0">
  <reporter-output>
  </reporter-output>
  <suite started-at="2025-11-12T12:00:44 IST" name="Default suite" finished-at="2025-11-12T12:00:48 IST" duration-ms="4166">
    <groups>
    </groups>
    <test started-at="2025-11-12T12:00:44 IST" name="Default test" finished-at="2025-11-12T12:00:48 IST" duration-ms="4166">
      <class name="Test.LoginTest">
        <test-method is-config="true" signature="beforeClass()[pri:0, instance:Test.LoginTest@38425407]" started-at="2025-11-12T12:00:44 IST" name="beforeClass" finished-at="2025-11-12T12:00:45 IST" duration-ms="1607" status="PASS">
          <reporter-output>
          </reporter-output>
        </test-method> <!-- beforeClass -->
        <test-method signature="Login()[pri:0, instance:Test.LoginTest@38425407]" started-at="2025-11-12T12:00:45 IST" name="Login" finished-at="2025-11-12T12:00:48 IST" duration-ms="2202" status="PASS">
          <reporter-output>
          </reporter-output>
        </test-method> <!-- Login -->
        <test-method is-config="true" signature="afterClass()[pri:0, instance:Test.LoginTest@38425407]" started-at="2025-11-12T12:00:48 IST" name="afterClass" finished-at="2025-11-12T12:00:48 IST" duration-ms="295" status="PASS">
          <reporter-output>
          </reporter-output>
        </test-method> <!-- afterClass -->
      </class> <!-- Test.LoginTest -->
    </test> <!-- Default test -->
  </suite> <!-- Default suite -->
</testng-results>
